<?xml version="1.0" encoding="utf-8"?><testsuites name="pytest tests"><testsuite name="pytest" errors="0" failures="0" skipped="0" tests="28" time="5.850" timestamp="2026-08-18T06:58:11.255331+00:00" hostname="agent-env-18cc5db9-7572-4b82-a590-850b058c5915"><testcase classname="tests.test_auth_rbac_iteration4.TestAuth" name="test_login_by_email" time="0.571" /><testcase classname="tests.test_auth_rbac_iteration4.TestAuth" name="test_login_bad_password" time="0.440" /><testcase classname="tests.test_auth_rbac_iteration4.TestAuth" name="test_me_without_token" time="0.224" /><testcase classname="tests.test_auth_rbac_iteration4.TestAuth" name="test_me_bad_token" time="0.113" /><testcase classname="tests.test_auth_rbac_iteration4.TestRBACAdminOnly" name="test_staff_list_forbidden[reviewer]" time="1.803" /><testcase classname="tests.test_auth_rbac_iteration4.TestRBACAdminOnly" name="test_staff_list_forbidden[lecturer]" time="0.330" /><testcase classname="tests.test_auth_rbac_iteration4.TestRBACAdminOnly" name="test_staff_list_forbidden[office]" time="0.310" /><testcase classname="tests.test_auth_rbac_iteration4.TestRBACAdminOnly" name="test_course_create_forbidden[reviewer]" time="0.108" /><testcase classname="tests.test_auth_rbac_iteration4.TestRBACAdminOnly" name="test_course_create_forbidden[lecturer]" time="0.244" /><testcase classname="tests.test_auth_rbac_iteration4.TestAuth" name="test_me_ok" time="1.550" /><testcase classname="tests.test_auth_rbac_iteration4.TestRBACAdminOnly" name="test_course_create_forbidden[office]" time="0.095" /><testcase classname="tests.test_auth_rbac_iteration4.TestRBACAdminOnly" name="test_course_delete_forbidden[reviewer]" time="0.104" /><testcase classname="tests.test_auth_rbac_iteration4.TestRBACWriteRoles" name="test_reviewer_cannot_create_applicant" time="0.117" /><testcase classname="tests.test_auth_rbac_iteration4.TestRBACAdminOnly" name="test_course_delete_forbidden[lecturer]" time="0.115" /><testcase classname="tests.test_auth_rbac_iteration4.TestRBACWriteRoles" name="test_office_cannot_patch_stage" time="0.095" /><testcase classname="tests.test_auth_rbac_iteration4.TestRBACWriteRoles" name="test_reviewer_cannot_add_payment" time="0.114" /><testcase classname="tests.test_auth_rbac_iteration4.TestRBACAdminOnly" name="test_course_delete_forbidden[office]" time="0.133" /><testcase classname="tests.test_auth_rbac_iteration4.TestRBACWriteRoles" name="test_all_roles_can_patch_documents" time="0.444" /><testcase classname="tests.test_auth_rbac_iteration4.TestReads" name="test_dashboard_needs_auth" time="0.144" /><testcase classname="tests.test_auth_rbac_iteration4.TestReads" name="test_dashboard_ok" time="0.097" /><testcase classname="tests.test_auth_rbac_iteration4.TestReads" name="test_applicants_filters" time="0.439" /><testcase classname="tests.test_auth_rbac_iteration4.TestCourses" name="test_list" time="0.109" /><testcase classname="tests.test_auth_rbac_iteration4.TestCourses" name="test_create_conflict_and_patch_delete" time="1.072" /><testcase classname="tests.test_auth_rbac_iteration4.TestReads" name="test_reports_shape" time="0.101" /><testcase classname="tests.test_auth_rbac_iteration4.TestStaff" name="test_list" time="0.150" /><testcase classname="tests.test_auth_rbac_iteration4.TestStaff" name="test_create_duplicate_and_delete" time="1.073" /><testcase classname="tests.test_auth_rbac_iteration4.TestApplicantFlow" name="test_office_creates_applicant" time="0.215" /><testcase classname="tests.test_auth_rbac_iteration4.TestApplicantFlow" name="test_reviewer_patches_stage_and_office_pays" time="0.461" /></testsuite></testsuites>