<?xml version="1.0" encoding="utf-8"?><testsuites name="pytest tests"><testsuite name="pytest" errors="0" failures="0" skipped="0" tests="32" time="7.682" timestamp="2026-08-18T07:16:46.574848+00:00" hostname="agent-env-18cc5db9-7572-4b82-a590-850b058c5915"><testcase classname="tests.test_iteration5_new_features.TestDocumentUploadDownload" name="test_setup" time="2.014" /><testcase classname="tests.test_iteration5_new_features.TestEditApplicant" name="test_setup_create" time="2.178" /><testcase classname="tests.test_iteration5_new_features.TestDocumentUploadDownload" name="test_upload_allowed_all_roles[admin-Identity proof]" time="0.668" /><testcase classname="tests.test_iteration5_new_features.TestEditApplicant" name="test_admin_edits_fields" time="0.399" /><testcase classname="tests.test_iteration5_new_features.TestEditApplicant" name="test_office_edits_course_and_last_name" time="0.169" /><testcase classname="tests.test_iteration5_new_features.TestDocumentUploadDownload" name="test_upload_allowed_all_roles[office-Mark sheets]" time="0.610" /><testcase classname="tests.test_iteration5_new_features.TestEditApplicant" name="test_forbidden_roles[reviewer]" time="0.159" /><testcase classname="tests.test_iteration5_new_features.TestEditApplicant" name="test_forbidden_roles[lecturer]" time="0.151" /><testcase classname="tests.test_iteration5_new_features.TestEditApplicant" name="test_empty_body_400" time="0.126" /><testcase classname="tests.test_iteration5_new_features.TestEditApplicant" name="test_unknown_applicant_404" time="0.547" /><testcase classname="tests.test_iteration5_new_features.TestDocumentUploadDownload" name="test_upload_allowed_all_roles[reviewer-Transfer certificate]" time="0.609" /><testcase classname="tests.test_iteration5_new_features.TestDeleteApplicant" name="test_setup" time="0.108" /><testcase classname="tests.test_iteration5_new_features.TestDeleteApplicant" name="test_non_admin_forbidden[office]" time="0.234" /><testcase classname="tests.test_iteration5_new_features.TestDocumentUploadDownload" name="test_upload_allowed_all_roles[lecturer-Fee receipt]" time="0.690" /><testcase classname="tests.test_iteration5_new_features.TestDeleteApplicant" name="test_non_admin_forbidden[reviewer]" time="0.104" /><testcase classname="tests.test_iteration5_new_features.TestDeleteApplicant" name="test_non_admin_forbidden[lecturer]" time="0.107" /><testcase classname="tests.test_iteration5_new_features.TestDeleteApplicant" name="test_admin_deletes_and_gone" time="0.268" /><testcase classname="tests.test_iteration5_new_features.TestDeleteApplicant" name="test_delete_unknown_404" time="0.110" /><testcase classname="tests.test_iteration5_new_features.TestDocumentUploadDownload" name="test_invalid_document_name_400" time="0.124" /><testcase classname="tests.test_iteration5_new_features.TestRegression" name="test_dashboard" time="0.115" /><testcase classname="tests.test_iteration5_new_features.TestDocumentUploadDownload" name="test_unknown_applicant_404" time="0.110" /><testcase classname="tests.test_iteration5_new_features.TestRegression" name="test_applicants_list_and_filter" time="0.157" /><testcase classname="tests.test_iteration5_new_features.TestDocumentUploadDownload" name="test_download_missing_token_401" time="0.194" /><testcase classname="tests.test_iteration5_new_features.TestRegression" name="test_courses_list" time="0.154" /><testcase classname="tests.test_iteration5_new_features.TestDocumentUploadDownload" name="test_download_bad_token_401" time="0.122" /><testcase classname="tests.test_iteration5_new_features.TestRegression" name="test_staff_list_admin" time="0.113" /><testcase classname="tests.test_iteration5_new_features.TestDocumentUploadDownload" name="test_download_no_file_for_doc_404" time="0.782" /><testcase classname="tests.test_iteration5_new_features.TestRegression" name="test_reports" time="0.111" /><testcase classname="tests.test_iteration5_new_features.TestImport" name="test_non_admin_forbidden[office]" time="0.111" /><testcase classname="tests.test_iteration5_new_features.TestImport" name="test_non_admin_forbidden[reviewer]" time="0.191" /><testcase classname="tests.test_iteration5_new_features.TestImport" name="test_non_admin_forbidden[lecturer]" time="0.106" /><testcase classname="tests.test_iteration5_new_features.TestImport" name="test_admin_imports_reports_and_persists" time="1.030" /></testsuite></testsuites>